<?xml version="1.0" encoding="UTF-8"?>
<testsuite name="com.bh.mybatis.mybatis.MybatisApplicationTests" tests="1" skipped="0" failures="0" errors="0" timestamp="2022-05-31T08:25:34" hostname="CHOIYONGSUK" time="0.347">
  <properties/>
  <testcase name="contextLoads()" classname="com.bh.mybatis.mybatis.MybatisApplicationTests" time="0.347"/>
  <system-out><![CDATA[17:25:32.494 [Test worker] DEBUG org.springframework.test.context.BootstrapUtils - Instantiating CacheAwareContextLoaderDelegate from class [org.springframework.test.context.cache.DefaultCacheAwareContextLoaderDelegate]
17:25:32.506 [Test worker] DEBUG org.springframework.test.context.BootstrapUtils - Instantiating BootstrapContext using constructor [public org.springframework.test.context.support.DefaultBootstrapContext(java.lang.Class,org.springframework.test.context.CacheAwareContextLoaderDelegate)]
17:25:32.533 [Test worker] DEBUG org.springframework.test.context.BootstrapUtils - Instantiating TestContextBootstrapper for test class [com.bh.mybatis.mybatis.MybatisApplicationTests] from class [org.springframework.boot.test.context.SpringBootTestContextBootstrapper]
17:25:32.543 [Test worker] INFO org.springframework.boot.test.context.SpringBootTestContextBootstrapper - Neither @ContextConfiguration nor @ContextHierarchy found for test class [com.bh.mybatis.mybatis.MybatisApplicationTests], using SpringBootContextLoader
17:25:32.545 [Test worker] DEBUG org.springframework.test.context.support.AbstractContextLoader - Did not detect default resource location for test class [com.bh.mybatis.mybatis.MybatisApplicationTests]: class path resource [com/bh/mybatis/mybatis/MybatisApplicationTests-context.xml] does not exist
17:25:32.546 [Test worker] DEBUG org.springframework.test.context.support.AbstractContextLoader - Did not detect default resource location for test class [com.bh.mybatis.mybatis.MybatisApplicationTests]: class path resource [com/bh/mybatis/mybatis/MybatisApplicationTestsContext.groovy] does not exist
17:25:32.546 [Test worker] INFO org.springframework.test.context.support.AbstractContextLoader - Could not detect default resource locations for test class [com.bh.mybatis.mybatis.MybatisApplicationTests]: no resource found for suffixes {-context.xml, Context.groovy}.
17:25:32.547 [Test worker] INFO org.springframework.test.context.support.AnnotationConfigContextLoaderUtils - Could not detect default configuration classes for test class [com.bh.mybatis.mybatis.MybatisApplicationTests]: MybatisApplicationTests does not declare any static, non-private, non-final, nested classes annotated with @Configuration.
17:25:32.579 [Test worker] DEBUG org.springframework.test.context.support.ActiveProfilesUtils - Could not find an 'annotation declaring class' for annotation type [org.springframework.test.context.ActiveProfiles] and class [com.bh.mybatis.mybatis.MybatisApplicationTests]
17:25:32.630 [Test worker] DEBUG org.springframework.context.annotation.ClassPathScanningCandidateComponentProvider - Identified candidate component class: file [D:\springboot_mybatis_connection_study-main\build\classes\java\main\com\bh\mybatis\mybatis\MybatisApplication.class]
17:25:32.631 [Test worker] INFO org.springframework.boot.test.context.SpringBootTestContextBootstrapper - Found @SpringBootConfiguration com.bh.mybatis.mybatis.MybatisApplication for test class com.bh.mybatis.mybatis.MybatisApplicationTests
17:25:32.703 [Test worker] DEBUG org.springframework.boot.test.context.SpringBootTestContextBootstrapper - @TestExecutionListeners is not present for class [com.bh.mybatis.mybatis.MybatisApplicationTests]: using defaults.
17:25:32.704 [Test worker] INFO org.springframework.boot.test.context.SpringBootTestContextBootstrapper - Loaded default TestExecutionListener class names from location [META-INF/spring.factories]: [org.springframework.boot.test.autoconfigure.restdocs.RestDocsTestExecutionListener, org.springframework.boot.test.autoconfigure.web.client.MockRestServiceServerResetTestExecutionListener, org.springframework.boot.test.autoconfigure.web.servlet.MockMvcPrintOnlyOnFailureTestExecutionListener, org.springframework.boot.test.autoconfigure.web.servlet.WebDriverTestExecutionListener, org.springframework.boot.test.autoconfigure.webservices.client.MockWebServiceServerTestExecutionListener, org.springframework.boot.test.mock.mockito.MockitoTestExecutionListener, org.springframework.boot.test.mock.mockito.ResetMocksTestExecutionListener, org.springframework.test.context.web.ServletTestExecutionListener, org.springframework.test.context.support.DirtiesContextBeforeModesTestExecutionListener, org.springframework.test.context.event.ApplicationEventsTestExecutionListener, org.springframework.test.context.support.DependencyInjectionTestExecutionListener, org.springframework.test.context.support.DirtiesContextTestExecutionListener, org.springframework.test.context.transaction.TransactionalTestExecutionListener, org.springframework.test.context.jdbc.SqlScriptsTestExecutionListener, org.springframework.test.context.event.EventPublishingTestExecutionListener]
17:25:32.715 [Test worker] INFO org.springframework.boot.test.context.SpringBootTestContextBootstrapper - Using TestExecutionListeners: [org.springframework.test.context.web.ServletTestExecutionListener@2f965508, org.springframework.test.context.support.DirtiesContextBeforeModesTestExecutionListener@1aaaf1ae, org.springframework.test.context.event.ApplicationEventsTestExecutionListener@5f8191b8, org.springframework.boot.test.mock.mockito.MockitoTestExecutionListener@5b24e356, org.springframework.boot.test.autoconfigure.SpringBootDependencyInjectionTestExecutionListener@4607c32f, org.springframework.test.context.support.DirtiesContextTestExecutionListener@b6d6dc0, org.springframework.test.context.transaction.TransactionalTestExecutionListener@58323144, org.springframework.test.context.jdbc.SqlScriptsTestExecutionListener@24705747, org.springframework.test.context.event.EventPublishingTestExecutionListener@5c16f65d, org.springframework.boot.test.autoconfigure.restdocs.RestDocsTestExecutionListener@3c759372, org.springframework.boot.test.autoconfigure.web.client.MockRestServiceServerResetTestExecutionListener@75043da9, org.springframework.boot.test.autoconfigure.web.servlet.MockMvcPrintOnlyOnFailureTestExecutionListener@53688621, org.springframework.boot.test.autoconfigure.web.servlet.WebDriverTestExecutionListener@3827360f, org.springframework.boot.test.autoconfigure.webservices.client.MockWebServiceServerTestExecutionListener@2859cc7a, org.springframework.boot.test.mock.mockito.ResetMocksTestExecutionListener@7c6455ad]
17:25:32.718 [Test worker] DEBUG org.springframework.test.context.support.AbstractDirtiesContextTestExecutionListener - Before test class: context [DefaultTestContext@d8a7251 testClass = MybatisApplicationTests, testInstance = [null], testMethod = [null], testException = [null], mergedContextConfiguration = [WebMergedContextConfiguration@4ff2f764 testClass = MybatisApplicationTests, locations = '{}', classes = '{class com.bh.mybatis.mybatis.MybatisApplication}', contextInitializerClasses = '[]', activeProfiles = '{}', propertySourceLocations = '{}', propertySourceProperties = '{org.springframework.boot.test.context.SpringBootTestContextBootstrapper=true}', contextCustomizers = set[org.springframework.boot.test.autoconfigure.actuate.metrics.MetricsExportContextCustomizerFactory$DisableMetricExportContextCustomizer@53b2b4cd, org.springframework.boot.test.autoconfigure.properties.PropertyMappingContextCustomizer@0, org.springframework.boot.test.autoconfigure.web.servlet.WebDriverContextCustomizerFactory$Customizer@71747ee8, org.springframework.boot.test.context.filter.ExcludeFilterContextCustomizer@5775bb66, org.springframework.boot.test.json.DuplicateJsonObjectContextCustomizerFactory$DuplicateJsonObjectContextCustomizer@6ce47f2f, org.springframework.boot.test.mock.mockito.MockitoContextCustomizer@0, org.springframework.boot.test.web.client.TestRestTemplateContextCustomizer@128c1939, org.springframework.boot.test.context.SpringBootTestArgs@1, org.springframework.boot.test.context.SpringBootTestWebEnvironment@2922fd71], resourceBasePath = 'src/main/webapp', contextLoader = 'org.springframework.boot.test.context.SpringBootContextLoader', parent = [null]], attributes = map['org.springframework.test.context.web.ServletTestExecutionListener.activateListener' -> true]], class annotated with @DirtiesContext [false] with mode [null].
17:25:32.746 [Test worker] DEBUG org.springframework.test.context.support.TestPropertySourceUtils - Adding inlined properties to environment: {spring.jmx.enabled=false, org.springframework.boot.test.context.SpringBootTestContextBootstrapper=true}

  .   ____          _            __ _ _
 /\\ / ___'_ __ _ _(_)_ __  __ _ \ \ \ \
( ( )\___ | '_ | '_| | '_ \/ _` | \ \ \ \
 \\/  ___)| |_)| | | | | || (_| |  ) ) ) )
  '  |____| .__|_| |_|_| |_\__, | / / / /
 =========|_|==============|___/=/_/_/_/
 :: Spring Boot ::                (v2.5.2)

2022-05-31 17:25:33.013  INFO 24516 --- [    Test worker] c.b.m.mybatis.MybatisApplicationTests    : Starting MybatisApplicationTests using Java 16.0.2 on choiyongsuk with PID 24516 (started by 최용석 in D:\springboot_mybatis_connection_study-main)
2022-05-31 17:25:33.015  INFO 24516 --- [    Test worker] c.b.m.mybatis.MybatisApplicationTests    : No active profile set, falling back to default profiles: default
2022-05-31 17:25:34.843  INFO 24516 --- [    Test worker] c.b.m.mybatis.MybatisApplicationTests    : Started MybatisApplicationTests in 2.091 seconds (JVM running for 3.233)
]]></system-out>
  <system-err><![CDATA[]]></system-err>
</testsuite>
